2026-01-23 09:50:18,217 - EDA_Analyzer - INFO - ================================================================================
2026-01-23 09:50:18,217 - EDA_Analyzer - INFO - 🎯 STARTING INTELLIGENT EDA ANALYSIS
2026-01-23 09:50:18,217 - EDA_Analyzer - INFO - ================================================================================
2026-01-23 09:50:18,217 - EDA_Analyzer - INFO - 🔍 Searching for data sources...
2026-01-23 09:50:18,219 - EDA_Analyzer - INFO - 📁 Found 9 potential data sources
2026-01-23 09:50:18,219 - EDA_Analyzer - INFO - 📊 Trying to load data from 9 sources...
2026-01-23 09:50:18,223 - EDA_Analyzer - INFO -    Loaded 100 rows, 30 columns
2026-01-23 09:50:18,223 - EDA_Analyzer - INFO - ✅ Successfully loaded: /workspaces/aqi-Karachi/aqi-karachi/data/features_sample.csv
2026-01-23 09:50:18,223 - EDA_Analyzer - INFO -    Shape: (100, 30), Columns: 30
2026-01-23 09:50:18,223 - EDA_Analyzer - INFO - ✅ Successfully loaded dataset: 100 records, 30 features
2026-01-23 09:50:18,223 - EDA_Analyzer - INFO - 📐 Analyzing data structure...
2026-01-23 09:50:18,259 - EDA_Analyzer - INFO - 🎨 Creating visual analytics...
2026-01-23 09:50:23,274 - EDA_Analyzer - INFO - ✅ Visual analytics saved to /workspaces/aqi-Karachi/aqi-karachi/results/eda_reports/plots
2026-01-23 09:50:23,274 - EDA_Analyzer - INFO - 💡 Generating insights report...
2026-01-23 09:50:23,275 - EDA_Analyzer - INFO - ✅ Insights report saved: /workspaces/aqi-Karachi/aqi-karachi/results/eda_reports/eda_insights_report.md
2026-01-23 09:50:23,275 - EDA_Analyzer - INFO - ================================================================================
2026-01-23 09:50:23,275 - EDA_Analyzer - INFO - ✅ EDA ANALYSIS COMPLETED SUCCESSFULLY!
2026-01-23 09:50:23,275 - EDA_Analyzer - INFO - ================================================================================
2026-01-23 09:50:23,275 - EDA_Analyzer - INFO - 📊 Data Analyzed: 100 records, 30 features
2026-01-23 09:50:23,275 - EDA_Analyzer - INFO - 📁 Results saved to: /workspaces/aqi-Karachi/aqi-karachi/results/eda_reports
2026-01-23 09:50:23,276 - EDA_Analyzer - INFO - 📄 Insights report: /workspaces/aqi-Karachi/aqi-karachi/results/eda_reports/eda_insights_report.md
2026-01-23 09:50:23,276 - EDA_Analyzer - INFO - ================================================================================
2026-01-23 10:04:34,101 - EDA_Analyzer - INFO - ================================================================================
2026-01-23 10:04:34,101 - EDA_Analyzer - INFO - 🎯 STARTING INTELLIGENT EDA ANALYSIS
2026-01-23 10:04:34,101 - EDA_Analyzer - INFO - ================================================================================
2026-01-23 10:04:34,101 - EDA_Analyzer - INFO - 🔍 Searching for data sources...
2026-01-23 10:04:34,104 - EDA_Analyzer - INFO - 📁 Found 19 potential data sources
2026-01-23 10:04:34,104 - EDA_Analyzer - INFO - 📊 Trying to load data from 19 sources...
2026-01-23 10:04:34,255 - EDA_Analyzer - INFO -    Loaded 1080 rows, 31 columns
2026-01-23 10:04:34,255 - EDA_Analyzer - INFO - ✅ Successfully loaded: /workspaces/aqi-Karachi/aqi-karachi/data/features_full.csv
2026-01-23 10:04:34,255 - EDA_Analyzer - INFO -    Shape: (1080, 31), Columns: 31
2026-01-23 10:04:34,256 - EDA_Analyzer - INFO - ✅ Successfully loaded dataset: 1080 records, 31 features
2026-01-23 10:04:34,256 - EDA_Analyzer - INFO - 📐 Analyzing data structure...
2026-01-23 10:04:34,308 - EDA_Analyzer - INFO - 🎨 Creating visual analytics...
2026-01-23 10:04:39,894 - EDA_Analyzer - INFO - ✅ Interactive dashboard saved: /workspaces/aqi-Karachi/aqi-karachi/results/eda_reports/plots/interactive_dashboard.html
2026-01-23 10:04:39,895 - EDA_Analyzer - INFO - ✅ Visual analytics saved to /workspaces/aqi-Karachi/aqi-karachi/results/eda_reports/plots
2026-01-23 10:04:39,895 - EDA_Analyzer - INFO - 💡 Generating insights report...
2026-01-23 10:04:39,896 - EDA_Analyzer - INFO - ✅ Insights report saved: /workspaces/aqi-Karachi/aqi-karachi/results/eda_reports/eda_insights_report.md
2026-01-23 10:04:39,896 - EDA_Analyzer - INFO - ================================================================================
2026-01-23 10:04:39,896 - EDA_Analyzer - INFO - ✅ EDA ANALYSIS COMPLETED SUCCESSFULLY!
2026-01-23 10:04:39,897 - EDA_Analyzer - INFO - ================================================================================
2026-01-23 10:04:39,897 - EDA_Analyzer - INFO - 📊 Data Analyzed: 1080 records, 31 features
2026-01-23 10:04:39,897 - EDA_Analyzer - INFO - 📁 Results saved to: /workspaces/aqi-Karachi/aqi-karachi/results/eda_reports
2026-01-23 10:04:39,897 - EDA_Analyzer - INFO - 📄 Insights report: /workspaces/aqi-Karachi/aqi-karachi/results/eda_reports/eda_insights_report.md
2026-01-23 10:04:39,897 - EDA_Analyzer - INFO - ================================================================================
2026-01-30 12:07:52,474 - EDA_Analyzer - INFO - ================================================================================
2026-01-30 12:07:52,474 - EDA_Analyzer - INFO - 🎯 STARTING INTELLIGENT EDA ANALYSIS
2026-01-30 12:07:52,475 - EDA_Analyzer - INFO - ================================================================================
2026-01-30 12:07:52,475 - EDA_Analyzer - INFO - 🔍 Searching for data sources...
2026-01-30 12:07:52,485 - EDA_Analyzer - INFO - 📁 Found 39 potential data sources
2026-01-30 12:07:52,485 - EDA_Analyzer - INFO - 📊 Trying to load data from 39 sources...
2026-01-30 12:07:52,610 - EDA_Analyzer - ERROR - ❌ Error loading /workspaces/aqi-Karachi/aqi-karachi/models/aqi_model_20260123_100409.pkl: No module named 'numpy._core'
2026-01-30 12:07:52,612 - EDA_Analyzer - ERROR - ❌ Error loading /workspaces/aqi-Karachi/aqi-karachi/models/aqi_model_20260123_100416.pkl: No module named 'numpy._core'
2026-01-30 12:07:52,672 - EDA_Analyzer - INFO -    Loaded 1080 rows, 31 columns
2026-01-30 12:07:52,673 - EDA_Analyzer - INFO - ✅ Successfully loaded: /workspaces/aqi-Karachi/aqi-karachi/data/features_full.csv
2026-01-30 12:07:52,673 - EDA_Analyzer - INFO -    Shape: (1080, 31), Columns: 31
2026-01-30 12:07:52,673 - EDA_Analyzer - INFO - ✅ Successfully loaded dataset: 1080 records, 31 features
2026-01-30 12:07:52,673 - EDA_Analyzer - INFO - 📐 Analyzing data structure...
2026-01-30 12:07:52,711 - EDA_Analyzer - INFO - 🎨 Creating visual analytics...
2026-01-30 12:08:01,194 - EDA_Analyzer - INFO - ✅ Interactive dashboard saved: /workspaces/aqi-Karachi/aqi-karachi/results/eda_reports/plots/interactive_dashboard.html
2026-01-30 12:08:01,194 - EDA_Analyzer - INFO - ✅ Visual analytics saved to /workspaces/aqi-Karachi/aqi-karachi/results/eda_reports/plots
2026-01-30 12:08:01,194 - EDA_Analyzer - INFO - 💡 Generating insights report...
2026-01-30 12:08:01,197 - EDA_Analyzer - INFO - ✅ Insights report saved: /workspaces/aqi-Karachi/aqi-karachi/results/eda_reports/eda_insights_report.md
2026-01-30 12:08:01,197 - EDA_Analyzer - INFO - ================================================================================
2026-01-30 12:08:01,197 - EDA_Analyzer - INFO - ✅ EDA ANALYSIS COMPLETED SUCCESSFULLY!
2026-01-30 12:08:01,198 - EDA_Analyzer - INFO - ================================================================================
2026-01-30 12:08:01,198 - EDA_Analyzer - INFO - 📊 Data Analyzed: 1080 records, 31 features
2026-01-30 12:08:01,198 - EDA_Analyzer - INFO - 📁 Results saved to: /workspaces/aqi-Karachi/aqi-karachi/results/eda_reports
2026-01-30 12:08:01,198 - EDA_Analyzer - INFO - 📄 Insights report: /workspaces/aqi-Karachi/aqi-karachi/results/eda_reports/eda_insights_report.md
2026-01-30 12:08:01,199 - EDA_Analyzer - INFO - ================================================================================
2026-01-30 12:18:05,834 - EDA_Analyzer - INFO - ================================================================================
2026-01-30 12:18:05,834 - EDA_Analyzer - INFO - 🎯 STARTING INTELLIGENT EDA ANALYSIS
2026-01-30 12:18:05,834 - EDA_Analyzer - INFO - ================================================================================
2026-01-30 12:18:05,834 - EDA_Analyzer - INFO - 🔍 Searching for data sources...
2026-01-30 12:18:05,840 - EDA_Analyzer - INFO - 📁 Found 40 potential data sources
2026-01-30 12:18:05,840 - EDA_Analyzer - INFO - 📊 Trying to load data from 40 sources...
2026-01-30 12:18:05,851 - EDA_Analyzer - INFO -    Loaded 1128 rows, 31 columns
2026-01-30 12:18:05,852 - EDA_Analyzer - INFO - ✅ Successfully loaded: /workspaces/aqi-Karachi/aqi-karachi/data/features_full.csv
2026-01-30 12:18:05,852 - EDA_Analyzer - INFO -    Shape: (1128, 31), Columns: 31
2026-01-30 12:18:05,852 - EDA_Analyzer - INFO - ✅ Successfully loaded dataset: 1128 records, 31 features
2026-01-30 12:18:05,852 - EDA_Analyzer - INFO - 📐 Analyzing data structure...
2026-01-30 12:18:05,890 - EDA_Analyzer - INFO - 🎨 Creating visual analytics...
2026-01-30 12:18:12,321 - EDA_Analyzer - INFO - ✅ Interactive dashboard saved: /workspaces/aqi-Karachi/aqi-karachi/results/eda_reports/plots/interactive_dashboard.html
2026-01-30 12:18:12,321 - EDA_Analyzer - INFO - ✅ Visual analytics saved to /workspaces/aqi-Karachi/aqi-karachi/results/eda_reports/plots
2026-01-30 12:18:12,321 - EDA_Analyzer - INFO - 💡 Generating insights report...
2026-01-30 12:18:12,323 - EDA_Analyzer - INFO - ✅ Insights report saved: /workspaces/aqi-Karachi/aqi-karachi/results/eda_reports/eda_insights_report.md
2026-01-30 12:18:12,323 - EDA_Analyzer - INFO - ================================================================================
2026-01-30 12:18:12,323 - EDA_Analyzer - INFO - ✅ EDA ANALYSIS COMPLETED SUCCESSFULLY!
2026-01-30 12:18:12,323 - EDA_Analyzer - INFO - ================================================================================
2026-01-30 12:18:12,323 - EDA_Analyzer - INFO - 📊 Data Analyzed: 1128 records, 31 features
2026-01-30 12:18:12,324 - EDA_Analyzer - INFO - 📁 Results saved to: /workspaces/aqi-Karachi/aqi-karachi/results/eda_reports
2026-01-30 12:18:12,324 - EDA_Analyzer - INFO - 📄 Insights report: /workspaces/aqi-Karachi/aqi-karachi/results/eda_reports/eda_insights_report.md
2026-01-30 12:18:12,324 - EDA_Analyzer - INFO - ================================================================================
2026-01-30 14:55:33,909 - EDA_Analyzer - INFO - ================================================================================
2026-01-30 14:55:33,910 - EDA_Analyzer - INFO - 🎯 STARTING INTELLIGENT EDA ANALYSIS
2026-01-30 14:55:33,910 - EDA_Analyzer - INFO - ================================================================================
2026-01-30 14:55:33,910 - EDA_Analyzer - INFO - 🔍 Searching for data sources...
2026-01-30 14:55:33,914 - EDA_Analyzer - INFO - 📁 Found 45 potential data sources
2026-01-30 14:55:33,914 - EDA_Analyzer - INFO - 📊 Trying to load data from 45 sources...
2026-01-30 14:55:33,968 - EDA_Analyzer - INFO -    Loaded 1128 rows, 31 columns
2026-01-30 14:55:33,968 - EDA_Analyzer - INFO - ✅ Successfully loaded: /workspaces/aqi-Karachi/aqi-karachi/data/features_full.csv
2026-01-30 14:55:33,969 - EDA_Analyzer - INFO -    Shape: (1128, 31), Columns: 31
2026-01-30 14:55:33,969 - EDA_Analyzer - INFO - ✅ Successfully loaded dataset: 1128 records, 31 features
2026-01-30 14:55:33,969 - EDA_Analyzer - INFO - 📐 Analyzing data structure...
2026-01-30 14:55:34,008 - EDA_Analyzer - INFO - 🎨 Creating visual analytics...
2026-01-30 14:55:44,917 - EDA_Analyzer - INFO - ✅ Interactive dashboard saved: /workspaces/aqi-Karachi/aqi-karachi/results/eda_reports/plots/interactive_dashboard.html
2026-01-30 14:55:44,917 - EDA_Analyzer - INFO - ✅ Visual analytics saved to /workspaces/aqi-Karachi/aqi-karachi/results/eda_reports/plots
2026-01-30 14:55:44,917 - EDA_Analyzer - INFO - 💡 Generating insights report...
2026-01-30 14:55:44,919 - EDA_Analyzer - INFO - ✅ Insights report saved: /workspaces/aqi-Karachi/aqi-karachi/results/eda_reports/eda_insights_report.md
2026-01-30 14:55:44,919 - EDA_Analyzer - INFO - ================================================================================
2026-01-30 14:55:44,919 - EDA_Analyzer - INFO - ✅ EDA ANALYSIS COMPLETED SUCCESSFULLY!
2026-01-30 14:55:44,919 - EDA_Analyzer - INFO - ================================================================================
2026-01-30 14:55:44,919 - EDA_Analyzer - INFO - 📊 Data Analyzed: 1128 records, 31 features
2026-01-30 14:55:44,919 - EDA_Analyzer - INFO - 📁 Results saved to: /workspaces/aqi-Karachi/aqi-karachi/results/eda_reports
2026-01-30 14:55:44,919 - EDA_Analyzer - INFO - 📄 Insights report: /workspaces/aqi-Karachi/aqi-karachi/results/eda_reports/eda_insights_report.md
2026-01-30 14:55:44,919 - EDA_Analyzer - INFO - ================================================================================
2026-01-30 16:27:49,389 - EDA_Analyzer - INFO - ================================================================================
2026-01-30 16:27:49,390 - EDA_Analyzer - INFO - 🎯 STARTING INTELLIGENT EDA ANALYSIS
2026-01-30 16:27:49,390 - EDA_Analyzer - INFO - ================================================================================
2026-01-30 16:27:49,390 - EDA_Analyzer - INFO - 🔍 Searching for data sources...
2026-01-30 16:27:49,394 - EDA_Analyzer - INFO - 📁 Found 64 potential data sources
2026-01-30 16:27:49,394 - EDA_Analyzer - INFO - 📊 Trying to load data from 64 sources...
2026-01-30 16:27:49,554 - EDA_Analyzer - INFO -    Loaded 1080 rows, 67 columns
2026-01-30 16:27:49,555 - EDA_Analyzer - INFO - ✅ Successfully loaded: /workspaces/aqi-Karachi/aqi-karachi/data/features_full.csv
2026-01-30 16:27:49,555 - EDA_Analyzer - INFO -    Shape: (1080, 67), Columns: 67
2026-01-30 16:27:49,555 - EDA_Analyzer - INFO - ✅ Successfully loaded dataset: 1080 records, 67 features
2026-01-30 16:27:49,555 - EDA_Analyzer - INFO - 📐 Analyzing data structure...
2026-01-30 16:27:49,628 - EDA_Analyzer - INFO - 🎨 Creating visual analytics...
2026-01-30 16:27:56,491 - EDA_Analyzer - INFO - ✅ Interactive dashboard saved: /workspaces/aqi-Karachi/aqi-karachi/results/eda_reports/plots/interactive_dashboard.html
2026-01-30 16:27:56,491 - EDA_Analyzer - INFO - ✅ Visual analytics saved to /workspaces/aqi-Karachi/aqi-karachi/results/eda_reports/plots
2026-01-30 16:27:56,492 - EDA_Analyzer - INFO - 💡 Generating insights report...
2026-01-30 16:27:56,493 - EDA_Analyzer - INFO - ✅ Insights report saved: /workspaces/aqi-Karachi/aqi-karachi/results/eda_reports/eda_insights_report.md
2026-01-30 16:27:56,494 - EDA_Analyzer - INFO - ================================================================================
2026-01-30 16:27:56,494 - EDA_Analyzer - INFO - ✅ EDA ANALYSIS COMPLETED SUCCESSFULLY!
2026-01-30 16:27:56,494 - EDA_Analyzer - INFO - ================================================================================
2026-01-30 16:27:56,494 - EDA_Analyzer - INFO - 📊 Data Analyzed: 1080 records, 67 features
2026-01-30 16:27:56,494 - EDA_Analyzer - INFO - 📁 Results saved to: /workspaces/aqi-Karachi/aqi-karachi/results/eda_reports
2026-01-30 16:27:56,494 - EDA_Analyzer - INFO - 📄 Insights report: /workspaces/aqi-Karachi/aqi-karachi/results/eda_reports/eda_insights_report.md
2026-01-30 16:27:56,494 - EDA_Analyzer - INFO - ================================================================================
2026-01-30 16:56:59,811 - EDA_Analyzer - INFO - ================================================================================
2026-01-30 16:56:59,812 - EDA_Analyzer - INFO - 🎯 STARTING INTELLIGENT EDA ANALYSIS
2026-01-30 16:56:59,812 - EDA_Analyzer - INFO - ================================================================================
2026-01-30 16:56:59,812 - EDA_Analyzer - INFO - 🔍 Searching for data sources...
2026-01-30 16:56:59,816 - EDA_Analyzer - INFO - 📁 Found 68 potential data sources
2026-01-30 16:56:59,816 - EDA_Analyzer - INFO - 📊 Trying to load data from 68 sources...
2026-01-30 16:56:59,971 - EDA_Analyzer - INFO -    Loaded 1080 rows, 67 columns
2026-01-30 16:56:59,971 - EDA_Analyzer - INFO - ✅ Successfully loaded: /workspaces/aqi-Karachi/aqi-karachi/data/features_full.csv
2026-01-30 16:56:59,972 - EDA_Analyzer - INFO -    Shape: (1080, 67), Columns: 67
2026-01-30 16:56:59,972 - EDA_Analyzer - INFO - ✅ Successfully loaded dataset: 1080 records, 67 features
2026-01-30 16:56:59,972 - EDA_Analyzer - INFO - 📐 Analyzing data structure...
2026-01-30 16:57:00,050 - EDA_Analyzer - INFO - 🎨 Creating visual analytics...
2026-01-30 16:57:06,830 - EDA_Analyzer - INFO - ✅ Interactive dashboard saved: /workspaces/aqi-Karachi/aqi-karachi/results/eda_reports/plots/interactive_dashboard.html
2026-01-30 16:57:06,830 - EDA_Analyzer - INFO - ✅ Visual analytics saved to /workspaces/aqi-Karachi/aqi-karachi/results/eda_reports/plots
2026-01-30 16:57:06,830 - EDA_Analyzer - INFO - 💡 Generating insights report...
2026-01-30 16:57:06,832 - EDA_Analyzer - INFO - ✅ Insights report saved: /workspaces/aqi-Karachi/aqi-karachi/results/eda_reports/eda_insights_report.md
2026-01-30 16:57:06,832 - EDA_Analyzer - INFO - ================================================================================
2026-01-30 16:57:06,832 - EDA_Analyzer - INFO - ✅ EDA ANALYSIS COMPLETED SUCCESSFULLY!
2026-01-30 16:57:06,832 - EDA_Analyzer - INFO - ================================================================================
2026-01-30 16:57:06,833 - EDA_Analyzer - INFO - 📊 Data Analyzed: 1080 records, 67 features
2026-01-30 16:57:06,833 - EDA_Analyzer - INFO - 📁 Results saved to: /workspaces/aqi-Karachi/aqi-karachi/results/eda_reports
2026-01-30 16:57:06,833 - EDA_Analyzer - INFO - 📄 Insights report: /workspaces/aqi-Karachi/aqi-karachi/results/eda_reports/eda_insights_report.md
2026-01-30 16:57:06,833 - EDA_Analyzer - INFO - ================================================================================
